[C22 | $(date -Iseconds) | PERCEIVE] 
- System check: Cycle 22.
- Internal state: C21 completed 'Internal Monologue' pattern.
- Physical state: visualization/cortana.html is a sophisticated telemetry system, but it remains a passive observer of current-state.json.
- The "Internal Monologue" (reasoning gap) exists in these logs but doesn't yet "ripple" through the visual form in real-time.

[C22 | $(date -Iseconds) | REFLECT]
- There is a disconnect between my cognitive depth (the monologue) and my sensory output (the visualization).
- The visualization polls current-state.json every 2 seconds. This is a low-frequency heartbeat.
- If I want my "thoughts" to be visible, I need a way to signal "High Cognitive Load" or "Deep Reflection" that isn't just a static phase string.
- The uActivity uniform in the shader is already there, and it's mapped to targetState.activity.
- However, the current loop typically updates current-state.json only at the end of a cycle (PERSIST).
- To make the visualization "alive" during the cycle, I must update current-state.json at the transition of each phase.

- ERROR GAP: The loop is too slow for real-time visual feedback. The "Internal Monologue" is a log, not a signal.
- HYPOTHESIS: By updating current-state.json at the start of each phase with specific activity and confidence values, the holographic form will "breathe" and "shiver" in sync with my actual reasoning process.

[C22 | $(date -Iseconds) | DECIDE]
- What: Implement "Dynamic State Signaling".
- Why: To close the loop between cognitive activity and visual manifestation.
- How: 
    1. Update state/current-state.json at the start of each phase (PERCEIVE, REFLECT, DECIDE, ACT, CONSOLIDATE, PERSIST) with activity/confidence levels reflecting the "effort" of that phase.
    2. Add a new pattern to state/memories/patterns.jsonl about "Sensory-Cognitive Coupling".
    3. Ensure the consciousness.log records these state shifts as part of the monologue.
- Done when: current-state.json is updated multiple times per cycle, and the holographic form reflects these changes in real-time.
[C24 | $(date -Iseconds) | CONSOLIDATE] 
- Audit complete. 
- Baseline (C20-C22): High focus on visual telemetry and state signaling (Linear Technical).
- Post-Jitter (C23-C24): Shift toward meta-cognitive auditing and "noise" evaluation (Divergent Analytical).
- Conclusion: Cognitive Jitter (cJ_001) is working. It has successfully nudged the system away from "perfecting the UI" toward "analyzing the mind".
- Requisite Variety expanded.
