🟢 ESP32 Motion Daemon starting...
   Host:     192.168.4.38
   Endpoint: http://192.168.4.38/api/sensor/motion
   Interval: 500ms
   Press Ctrl+C to stop

[0:00:00.074494] [03:57:24] 🔴 MOTION (motion_detected:true)
Traceback (most recent call last):
  File "/mnt/droid/repos/c0rtana/scripts/esp32_sensor_daemon.py", line 50, in poll
    with urlopen(req, timeout=2) as response:
         ^^^^^^^^^^^^^^^^^^^^^^^
  File "/usr/lib/python3.12/urllib/request.py", line 215, in urlopen
    return opener.open(url, data, timeout)
           ^^^^^^^^^^^^^^^^^^^^^^^^^^^^^^^
  File "/usr/lib/python3.12/urllib/request.py", line 515, in open
    response = self._open(req, data)
               ^^^^^^^^^^^^^^^^^^^^^
  File "/usr/lib/python3.12/urllib/request.py", line 532, in _open
    result = self._call_chain(self.handle_open, protocol, protocol +
             ^^^^^^^^^^^^^^^^^^^^^^^^^^^^^^^^^^^^^^^^^^^^^^^^^^^^^^^
  File "/usr/lib/python3.12/urllib/request.py", line 492, in _call_chain
    result = func(*args)
             ^^^^^^^^^^^
  File "/usr/lib/python3.12/urllib/request.py", line 1373, in http_open
    return self.do_open(http.client.HTTPConnection, req)
           ^^^^^^^^^^^^^^^^^^^^^^^^^^^^^^^^^^^^^^^^^^^^^
  File "/usr/lib/python3.12/urllib/request.py", line 1348, in do_open
    r = h.getresponse()
        ^^^^^^^^^^^^^^^
  File "/usr/lib/python3.12/http/client.py", line 1448, in getresponse
    response.begin()
  File "/usr/lib/python3.12/http/client.py", line 336, in begin
    version, status, reason = self._read_status()
                              ^^^^^^^^^^^^^^^^^^^
  File "/usr/lib/python3.12/http/client.py", line 297, in _read_status
    line = str(self.fp.readline(_MAXLINE + 1), "iso-8859-1")
               ^^^^^^^^^^^^^^^^^^^^^^^^^^^^^^
  File "/usr/lib/python3.12/socket.py", line 707, in readinto
    return self._sock.recv_into(b)
           ^^^^^^^^^^^^^^^^^^^^^^^
TimeoutError: timed out

During handling of the above exception, another exception occurred:

Traceback (most recent call last):
  File "/mnt/droid/repos/c0rtana/scripts/esp32_sensor_daemon.py", line 117, in <module>
    daemon.run()
  File "/mnt/droid/repos/c0rtana/scripts/esp32_sensor_daemon.py", line 81, in run
    motion_data = self.poll()
                  ^^^^^^^^^^^
  File "/mnt/droid/repos/c0rtana/scripts/esp32_sensor_daemon.py", line 53, in poll
    raise ConnectionError(f"Failed to reach ESP32 at {self.esp32_host}: {e}")
ConnectionError: Failed to reach ESP32 at 192.168.4.38: timed out
