[2026-05-24T07:15:02.154306] Projecting state: phase=PERSIST, confidence=0.9
[2026-05-24T07:15:02.218346] ✓ State projected successfully
[2026-05-24T09:17:17.897414] State daemon started (PID: 3502282)
[2026-05-24T09:17:17.897434] Monitoring /droid/repos/c0rtana/state/current-state.json every 5s
[2026-05-24T09:17:17.897480] State changed: {"phase": "PERSIST", "confidence": 0.95}
[2026-05-24T09:17:17.997211] ✓ Projection complete
[2026-05-24T09:44:48.048718] State changed: {"phase": "PERSIST"}
[2026-05-24T09:44:48.058117] Daemon shutdown complete
[2026-05-24T13:40:29.840956] Sensors: light_level=144, motion=False
[2026-05-24T13:40:29.840992] Modulated: {}
[2026-05-24T13:40:29.841003] Projecting state: phase=PERSIST, confidence=None
[2026-05-24T13:40:30.030337] ✓ State projected successfully
[2026-05-24T13:40:48.330316] State daemon started (PID: 1056837)
[2026-05-24T13:40:48.330336] Monitoring /droid/repos/c0rtana/state/current-state.json every 5s
[2026-05-24T13:40:48.330345] Sensor simulation mode: True
[2026-05-24T13:40:48.330379] State changed: {"phase": "PERSIST"}
[2026-05-24T13:40:48.330390] Sensors: light_level=202, motion=True
[2026-05-24T13:40:48.471028] ✓ Projection complete with sensor feedback
[2026-05-24T13:43:48.476254] State changed: {"phase": "PERCEIVE"}
[2026-05-24T13:43:48.476303] Sensors: light_level=129, motion=True
[2026-05-24T13:43:48.699234] ✓ Projection complete with sensor feedback
[2026-05-24T13:44:43.700943] State changed: {"phase": "PERSIST"}
[2026-05-24T13:44:43.700999] Sensors: light_level=222, motion=False
[2026-05-24T13:44:43.788779] ✓ Projection complete with sensor feedback
[2026-05-24T13:47:25.738398] Received signal 2, shutting down...
[2026-05-24T13:47:25.738531] Daemon shutdown complete
[2026-05-24T14:24:12.692860] Sensors: light_level=232, motion=True
[2026-05-24T14:24:12.692907] Modulated: {"_ambient_modulation": {"type": "high_light", "brightness_scale": 1.0, "color_temp_shift": "neutral"}}
[2026-05-24T14:24:12.692918] Projecting state: phase=PERSIST, confidence=None
[2026-05-24T14:24:12.936185] ✓ State projected successfully
[2026-05-24T15:30:47.774947] Sensors: light_level=197, motion=False
[2026-05-24T15:30:47.774991] Modulated: {}
[2026-05-24T15:30:47.775002] Projecting state: phase=PERCEIVE, confidence=None
[2026-05-24T15:30:47.995544] ✓ State projected successfully
